Using pre-set license
Built from '2020.3/staging' branch; Version is '2020.3.8f1 (507919d4fff5) revision 5273881'; Using compiler version '192528614'; Build Type 'Release'
OS: 'Windows 10 Home; OS build 19042.1083; Version 2009; 64bit' Language: 'ru' Physical Memory: 20428 MB
BatchMode: 1, IsHumanControllingUs: 0, StartBugReporterOnCrash: 0, Is64bit: 1, IsPro: 0

 COMMAND LINE ARGUMENTS:
C:\Program Files\Unity\Hub\Editor\2020.3.8f1\Editor\Unity.exe
-adb2
-batchMode
-noUpm
-name
AssetImportWorker0
-projectPath
D:/GitHubRepository/Graduation-Project
-logFile
Logs/AssetImportWorker0.log
-srvPort
58150
Successfully changed project path to: D:/GitHubRepository/Graduation-Project
D:/GitHubRepository/Graduation-Project
Using Asset Import Pipeline V2.
Refreshing native plugins compatible for Editor in 43.64 ms, found 1 plugins.
Preloading 0 native plugins for Editor in 0.00 ms.
Initialize engine version: 2020.3.8f1 (507919d4fff5)
[Subsystems] Discovering subsystems at path C:/Program Files/Unity/Hub/Editor/2020.3.8f1/Editor/Data/Resources/UnitySubsystems
[Subsystems] Discovering subsystems at path D:/GitHubRepository/Graduation-Project/Assets
GfxDevice: creating device client; threaded=0
Direct3D:
    Version:  Direct3D 11.0 [level 11.0]
    Renderer: AMD Radeon HD 7500 Series (ID=0x675d)
    Vendor:   
    VRAM:     1008 MB
    Driver:   15.201.1151.1008
Initialize mono
Mono path[0] = 'C:/Program Files/Unity/Hub/Editor/2020.3.8f1/Editor/Data/Managed'
Mono path[1] = 'C:/Program Files/Unity/Hub/Editor/2020.3.8f1/Editor/Data/MonoBleedingEdge/lib/mono/unityjit'
Mono config path = 'C:/Program Files/Unity/Hub/Editor/2020.3.8f1/Editor/Data/MonoBleedingEdge/etc'
Using monoOptions --debugger-agent=transport=dt_socket,embedding=1,server=y,suspend=n,address=127.0.0.1:56312
Begin MonoManager ReloadAssembly
Registering precompiled unity dll's ...
Register platform support module: C:/Program Files/Unity/Hub/Editor/2020.3.8f1/Editor/Data/PlaybackEngines/WindowsStandaloneSupport/UnityEditor.WindowsStandalone.Extensions.dll
Registered in 0.003578 seconds.
Native extension for WindowsStandalone target not found
Refreshing native plugins compatible for Editor in 45.33 ms, found 1 plugins.
Preloading 0 native plugins for Editor in 0.00 ms.
Mono: successfully reloaded assembly
- Completed reload, in  2.849 seconds
Platform modules already initialized, skipping
Registering precompiled user dll's ...
Registered in 0.001922 seconds.
Begin MonoManager ReloadAssembly
Native extension for WindowsStandalone target not found
Refreshing native plugins compatible for Editor in 43.14 ms, found 1 plugins.
Preloading 0 native plugins for Editor in 0.00 ms.
Mono: successfully reloaded assembly
- Completed reload, in  1.030 seconds
Platform modules already initialized, skipping
========================================================================
Worker process is ready to serve import requests
Launched and connected shader compiler UnityShaderCompiler.exe after 0.07 seconds
Refreshing native plugins compatible for Editor in 0.63 ms, found 1 plugins.
Preloading 0 native plugins for Editor in 0.00 ms.
Unloading 1897 Unused Serialized files (Serialized files now loaded: 0)
System memory in use before: 89.1 MB.
System memory in use after: 89.2 MB.

Unloading 21 unused Assets to reduce memory usage. Loaded Objects now: 2350.
Total: 2.103800 ms (FindLiveObjects: 0.215800 ms CreateObjectMapping: 0.047200 ms MarkObjects: 1.772900 ms  DeleteObjects: 0.066900 ms)

========================================================================
Received Import Request.
  path: Assets/Sprites/Ui
  artifactKey: Guid(e8447d0413899a844b76f54c3a28071a) Importer(815301076,1909f56bfc062723c751e8b465ee728b)
Start importing Assets/Sprites/Ui using Guid(e8447d0413899a844b76f54c3a28071a) Importer(815301076,1909f56bfc062723c751e8b465ee728b)  -> (artifact id: 'ff3106ae465c161a8aa292d3db6976b1') in 0.015110 seconds
  Import took 0.017993 seconds .

========================================================================
Received Import Request.
  Time since last request: 0.000325 seconds.
  path: Assets/Sprites/Ui/MainMenuBackground.png
  artifactKey: Guid(8317244e916d7c54a893ad821751ffd7) Importer(815301076,1909f56bfc062723c751e8b465ee728b)
Start importing Assets/Sprites/Ui/MainMenuBackground.png using Guid(8317244e916d7c54a893ad821751ffd7) Importer(815301076,1909f56bfc062723c751e8b465ee728b)  -> (artifact id: 'e36ac9872b931c7bebb64664bfb17306') in 0.129826 seconds
  Import took 0.132592 seconds .

========================================================================
Received Import Request.
  Time since last request: 41.068595 seconds.
  path: Assets/Sprites/GUI/Button 1.png
  artifactKey: Guid(4ea24da3b79437244bfa8f25780d875c) Importer(815301076,1909f56bfc062723c751e8b465ee728b)
Start importing Assets/Sprites/GUI/Button 1.png using Guid(4ea24da3b79437244bfa8f25780d875c) Importer(815301076,1909f56bfc062723c751e8b465ee728b)  -> (artifact id: 'e34b3e38c4023c80d73788e6729b6412') in 0.011328 seconds
  Import took 0.014616 seconds .

========================================================================
Received Import Request.
  Time since last request: 4.428602 seconds.
  path: Assets/Sprites/GUI/46774552.jpg
  artifactKey: Guid(b9dfc22411403dc40809ccfc7c4b902c) Importer(815301076,1909f56bfc062723c751e8b465ee728b)
Start importing Assets/Sprites/GUI/46774552.jpg using Guid(b9dfc22411403dc40809ccfc7c4b902c) Importer(815301076,1909f56bfc062723c751e8b465ee728b)  -> (artifact id: 'fd05e87feec16000404c20f9207c2e9f') in 0.016959 seconds
  Import took 0.020150 seconds .

========================================================================
Received Import Request.
  Time since last request: 0.003031 seconds.
  path: Assets/Sprites/GUI/46774552.jpg
  artifactKey: Guid(b9dfc22411403dc40809ccfc7c4b902c) Importer(815301076,1909f56bfc062723c751e8b465ee728b)
Start importing Assets/Sprites/GUI/46774552.jpg using Guid(b9dfc22411403dc40809ccfc7c4b902c) Importer(815301076,1909f56bfc062723c751e8b465ee728b)  -> (artifact id: 'fd05e87feec16000404c20f9207c2e9f') in 0.012798 seconds
  Import took 0.015773 seconds .

========================================================================
Received Import Request.
  Time since last request: 13.535847 seconds.
  path: Assets/Sprites/GUI/Sellect level Panel.png
  artifactKey: Guid(2d47049c3f6b1c14fb6d35f76000fb9b) Importer(815301076,1909f56bfc062723c751e8b465ee728b)
Start importing Assets/Sprites/GUI/Sellect level Panel.png using Guid(2d47049c3f6b1c14fb6d35f76000fb9b) Importer(815301076,1909f56bfc062723c751e8b465ee728b)  -> (artifact id: 'cbbf9255874602dd7d0b7c27363b0d9a') in 0.013299 seconds
  Import took 0.016530 seconds .

========================================================================
Received Import Request.
  Time since last request: 140.864206 seconds.
  path: Assets/Scenes/Level_1.unity
  artifactKey: Guid(a4b72d9b472d26e449d86fd907bf26f8) Importer(815301076,1909f56bfc062723c751e8b465ee728b)
Start importing Assets/Scenes/Level_1.unity using Guid(a4b72d9b472d26e449d86fd907bf26f8) Importer(815301076,1909f56bfc062723c751e8b465ee728b)  -> (artifact id: '4a02af4ef285d8bc88ee4cd6f8acee50') in 0.002894 seconds
  Import took 0.006210 seconds .

========================================================================
Received Prepare
Registering precompiled user dll's ...
Registered in 0.001809 seconds.
Begin MonoManager ReloadAssembly
Native extension for WindowsStandalone target not found
Refreshing native plugins compatible for Editor in 0.46 ms, found 1 plugins.
Preloading 0 native plugins for Editor in 0.00 ms.
Mono: successfully reloaded assembly
- Completed reload, in  0.946 seconds
Platform modules already initialized, skipping
Refreshing native plugins compatible for Editor in 0.81 ms, found 1 plugins.
Preloading 0 native plugins for Editor in 0.00 ms.
Unloading 1875 Unused Serialized files (Serialized files now loaded: 0)
System memory in use before: 90.5 MB.
System memory in use after: 90.6 MB.

Unloading 10 unused Assets to reduce memory usage. Loaded Objects now: 2363.
Total: 2.200500 ms (FindLiveObjects: 0.204300 ms CreateObjectMapping: 0.046800 ms MarkObjects: 1.930800 ms  DeleteObjects: 0.017200 ms)

========================================================================
Received Import Request.
  Time since last request: 12.252750 seconds.
  path: Assets/Scenes/Level_2.unity
  artifactKey: Guid(e646e9cce5dabcb44a8c10cd99e87b75) Importer(815301076,1909f56bfc062723c751e8b465ee728b)
Start importing Assets/Scenes/Level_2.unity using Guid(e646e9cce5dabcb44a8c10cd99e87b75) Importer(815301076,1909f56bfc062723c751e8b465ee728b)  -> (artifact id: '40686f7e7ec58bca5221ba97bdcfa0fd') in 0.011199 seconds
  Import took 0.014592 seconds .

========================================================================
Received Import Request.
  Time since last request: 3.265646 seconds.
  path: Assets/Scenes/Level_3.unity
  artifactKey: Guid(0ae783e378616214383652b12aea0ba0) Importer(815301076,1909f56bfc062723c751e8b465ee728b)
Start importing Assets/Scenes/Level_3.unity using Guid(0ae783e378616214383652b12aea0ba0) Importer(815301076,1909f56bfc062723c751e8b465ee728b)  -> (artifact id: '4789a88a039717061b1c2a03363154dc') in 0.002852 seconds
  Import took 0.006019 seconds .

========================================================================
Received Import Request.
  Time since last request: 1.258646 seconds.
  path: Assets/Scenes/Level_4.unity
  artifactKey: Guid(a626732e0d505524aa24b3b0355742d5) Importer(815301076,1909f56bfc062723c751e8b465ee728b)
Start importing Assets/Scenes/Level_4.unity using Guid(a626732e0d505524aa24b3b0355742d5) Importer(815301076,1909f56bfc062723c751e8b465ee728b)  -> (artifact id: '82eefa210ee1b4030f2c2a0637db22b0') in 0.002589 seconds
  Import took 0.005662 seconds .

========================================================================
Received Import Request.
  Time since last request: 1.061863 seconds.
  path: Assets/Scenes/Level_1.unity
  artifactKey: Guid(a4b72d9b472d26e449d86fd907bf26f8) Importer(815301076,1909f56bfc062723c751e8b465ee728b)
Start importing Assets/Scenes/Level_1.unity using Guid(a4b72d9b472d26e449d86fd907bf26f8) Importer(815301076,1909f56bfc062723c751e8b465ee728b)  -> (artifact id: '5226530680d4035ea3e134357bf22b1d') in 0.002015 seconds
  Import took 0.005045 seconds .

========================================================================
Received Import Request.
  Time since last request: 0.000957 seconds.
  path: Assets/Scenes/Level_1.unity
  artifactKey: Guid(a4b72d9b472d26e449d86fd907bf26f8) Importer(815301076,1909f56bfc062723c751e8b465ee728b)
Start importing Assets/Scenes/Level_1.unity using Guid(a4b72d9b472d26e449d86fd907bf26f8) Importer(815301076,1909f56bfc062723c751e8b465ee728b)  -> (artifact id: '5226530680d4035ea3e134357bf22b1d') in 0.001950 seconds
  Import took 0.004479 seconds .

========================================================================
Received Import Request.
  Time since last request: 3.267425 seconds.
  path: Assets/Scenes/SelectLevel.unity
  artifactKey: Guid(6c35386d012538d43aa0eb5e57ac5c8d) Importer(815301076,1909f56bfc062723c751e8b465ee728b)
Start importing Assets/Scenes/SelectLevel.unity using Guid(6c35386d012538d43aa0eb5e57ac5c8d) Importer(815301076,1909f56bfc062723c751e8b465ee728b)  -> (artifact id: '93524d1653121274c4e11115770c2d81') in 0.002260 seconds
  Import took 0.005242 seconds .

========================================================================
Received Import Request.
  Time since last request: 67.150176 seconds.
  path: Assets/Scenes/MainMenu.unity
  artifactKey: Guid(3342613546105b44b9f021102ed31c4c) Importer(815301076,1909f56bfc062723c751e8b465ee728b)
Start importing Assets/Scenes/MainMenu.unity using Guid(3342613546105b44b9f021102ed31c4c) Importer(815301076,1909f56bfc062723c751e8b465ee728b)  -> (artifact id: 'a6c1281e83f84c1f61436a8cd0f0e1ac') in 0.002284 seconds
  Import took 0.005467 seconds .

========================================================================
Received Prepare
Registering precompiled user dll's ...
Registered in 0.001916 seconds.
Begin MonoManager ReloadAssembly
Native extension for WindowsStandalone target not found
Refreshing native plugins compatible for Editor in 0.44 ms, found 1 plugins.
Preloading 0 native plugins for Editor in 0.00 ms.
Mono: successfully reloaded assembly
- Completed reload, in  0.952 seconds
Platform modules already initialized, skipping
Refreshing native plugins compatible for Editor in 0.74 ms, found 1 plugins.
Preloading 0 native plugins for Editor in 0.00 ms.
Unloading 1875 Unused Serialized files (Serialized files now loaded: 0)
System memory in use before: 90.8 MB.
System memory in use after: 90.9 MB.

Unloading 10 unused Assets to reduce memory usage. Loaded Objects now: 2366.
Total: 2.004700 ms (FindLiveObjects: 0.204300 ms CreateObjectMapping: 0.047400 ms MarkObjects: 1.736600 ms  DeleteObjects: 0.015300 ms)

========================================================================
Received Import Request.
  Time since last request: 246.371417 seconds.
  path: Assets/NavMeshPlus-master
  artifactKey: Guid(348987930cb748b46886205c937b7853) Importer(815301076,1909f56bfc062723c751e8b465ee728b)
Start importing Assets/NavMeshPlus-master using Guid(348987930cb748b46886205c937b7853) Importer(815301076,1909f56bfc062723c751e8b465ee728b)  -> (artifact id: '0f0694dd81cbb7d0652e4ac28bea7ffc') in 0.005133 seconds
  Import took 0.008410 seconds .

========================================================================
Received Import Request.
  Time since last request: 0.002768 seconds.
  path: Assets/NavMeshPlus-master
  artifactKey: Guid(348987930cb748b46886205c937b7853) Importer(815301076,1909f56bfc062723c751e8b465ee728b)
Start importing Assets/NavMeshPlus-master using Guid(348987930cb748b46886205c937b7853) Importer(815301076,1909f56bfc062723c751e8b465ee728b)  -> (artifact id: '0f0694dd81cbb7d0652e4ac28bea7ffc') in 0.001621 seconds
  Import took 0.004193 seconds .

========================================================================
Received Import Request.
  Time since last request: 4.904758 seconds.
  path: Assets/NavMeshPlus-master/Gizmos
  artifactKey: Guid(1f3d783ec2096a945b949dc7763121c8) Importer(815301076,1909f56bfc062723c751e8b465ee728b)
Start importing Assets/NavMeshPlus-master/Gizmos using Guid(1f3d783ec2096a945b949dc7763121c8) Importer(815301076,1909f56bfc062723c751e8b465ee728b)  -> (artifact id: '304bf206d7b0bd852a89ab61d03e2a05') in 0.001972 seconds
  Import took 0.005076 seconds .

========================================================================
Received Import Request.
  Time since last request: 0.164039 seconds.
  path: Assets/NavMeshPlus-master/Gizmos/NavMeshLink Icon.png
  artifactKey: Guid(92f4afa3e25264f5b964937ccea49ff2) Importer(815301076,1909f56bfc062723c751e8b465ee728b)
Start importing Assets/NavMeshPlus-master/Gizmos/NavMeshLink Icon.png using Guid(92f4afa3e25264f5b964937ccea49ff2) Importer(815301076,1909f56bfc062723c751e8b465ee728b)  -> (artifact id: '01bba4daf461a673b729f4f4f4278a85') in 0.031787 seconds
  Import took 0.035441 seconds .

========================================================================
Received Import Request.
  Time since last request: 0.000306 seconds.
  path: Assets/NavMeshPlus-master/Gizmos/NavMeshSurface2d Icon.png
  artifactKey: Guid(871b885cd68224f4787ae765e0da9571) Importer(815301076,1909f56bfc062723c751e8b465ee728b)
Start importing Assets/NavMeshPlus-master/Gizmos/NavMeshSurface2d Icon.png using Guid(871b885cd68224f4787ae765e0da9571) Importer(815301076,1909f56bfc062723c751e8b465ee728b)  -> (artifact id: '41c39a6642c8000b17b2ec7254bcc316') in 0.006168 seconds
  Import took 0.009109 seconds .

========================================================================
Received Import Request.
  Time since last request: 0.000257 seconds.
  path: Assets/NavMeshPlus-master/Gizmos/NavMeshSurface Icon.png
  artifactKey: Guid(e4f97225bcfb64760a1c81f460837f01) Importer(815301076,1909f56bfc062723c751e8b465ee728b)
Start importing Assets/NavMeshPlus-master/Gizmos/NavMeshSurface Icon.png using Guid(e4f97225bcfb64760a1c81f460837f01) Importer(815301076,1909f56bfc062723c751e8b465ee728b)  -> (artifact id: '7c14479cf6d1ec0eac3bccb514f0c085') in 0.006215 seconds
  Import took 0.009323 seconds .

========================================================================
Received Import Request.
  Time since last request: 0.000235 seconds.
  path: Assets/NavMeshPlus-master/Gizmos/NavMeshModifierVolume Icon.png
  artifactKey: Guid(cc7b9475dbddf4f9088d327d6e10ab77) Importer(815301076,1909f56bfc062723c751e8b465ee728b)
Start importing Assets/NavMeshPlus-master/Gizmos/NavMeshModifierVolume Icon.png using Guid(cc7b9475dbddf4f9088d327d6e10ab77) Importer(815301076,1909f56bfc062723c751e8b465ee728b)  -> (artifact id: '347b54b3f68c8e76759224df35b24df0') in 0.007614 seconds
  Import took 0.010559 seconds .

========================================================================
Received Import Request.
  Time since last request: 0.002042 seconds.
  path: Assets/NavMeshPlus-master/Gizmos/NavMeshSurface Icon.png
  artifactKey: Guid(e4f97225bcfb64760a1c81f460837f01) Importer(815301076,1909f56bfc062723c751e8b465ee728b)
Start importing Assets/NavMeshPlus-master/Gizmos/NavMeshSurface Icon.png using Guid(e4f97225bcfb64760a1c81f460837f01) Importer(815301076,1909f56bfc062723c751e8b465ee728b)  -> (artifact id: '7c14479cf6d1ec0eac3bccb514f0c085') in 0.005893 seconds
  Import took 0.008976 seconds .

========================================================================
Received Prepare
Registering precompiled user dll's ...
Registered in 0.001784 seconds.
Begin MonoManager ReloadAssembly
Native extension for WindowsStandalone target not found
Refreshing native plugins compatible for Editor in 0.44 ms, found 1 plugins.
Preloading 0 native plugins for Editor in 0.00 ms.
Mono: successfully reloaded assembly
- Completed reload, in  1.074 seconds
Platform modules already initialized, skipping
Refreshing native plugins compatible for Editor in 0.77 ms, found 1 plugins.
Preloading 0 native plugins for Editor in 0.00 ms.
Unloading 1862 Unused Serialized files (Serialized files now loaded: 0)
System memory in use before: 90.5 MB.
System memory in use after: 90.6 MB.

Unloading 10 unused Assets to reduce memory usage. Loaded Objects now: 2371.
Total: 2.208100 ms (FindLiveObjects: 0.202600 ms CreateObjectMapping: 0.046800 ms MarkObjects: 1.941300 ms  DeleteObjects: 0.016300 ms)

========================================================================
Received Import Request.
  Time since last request: 15.678883 seconds.
  path: Assets/EffectTexturesAndPrefabs
  artifactKey: Guid(480c807811643bb429dff53e760dbb79) Importer(815301076,1909f56bfc062723c751e8b465ee728b)
Start importing Assets/EffectTexturesAndPrefabs using Guid(480c807811643bb429dff53e760dbb79) Importer(815301076,1909f56bfc062723c751e8b465ee728b)  -> (artifact id: 'e4fe140d3837651a41e3904b65de299a') in 0.005026 seconds
  Import took 0.008304 seconds .

========================================================================
Received Import Request.
  Time since last request: 0.000496 seconds.
  path: Assets/EffectTexturesAndPrefabs
  artifactKey: Guid(480c807811643bb429dff53e760dbb79) Importer(815301076,1909f56bfc062723c751e8b465ee728b)
Start importing Assets/EffectTexturesAndPrefabs using Guid(480c807811643bb429dff53e760dbb79) Importer(815301076,1909f56bfc062723c751e8b465ee728b)  -> (artifact id: 'e4fe140d3837651a41e3904b65de299a') in 0.001777 seconds
  Import took 0.004883 seconds .

========================================================================
Received Import Request.
  Time since last request: 30.958190 seconds.
  path: Assets/Plugins/TypedScenes/Core
  artifactKey: Guid(537e99c502f3ba74b929ef7e27e48f59) Importer(815301076,1909f56bfc062723c751e8b465ee728b)
Start importing Assets/Plugins/TypedScenes/Core using Guid(537e99c502f3ba74b929ef7e27e48f59) Importer(815301076,1909f56bfc062723c751e8b465ee728b)  -> (artifact id: '2c27534237901a5019a4ea5d293df148') in 0.002453 seconds
  Import took 0.005526 seconds .

AssetImportWorkerClient::OnTransportError - code=2 error=End of file
